<?xml version="1.0" encoding="UTF-8"?>
<Site BuildName="Darwin-clang++"
	BuildStamp="20230121-2156-Experimental"
	Name="M-LafontaineS18.local"
	Generator="ctest-3.25.1"
	CompilerName="/usr/bin/clang++"
	CompilerVersion="14.0.0.14000029"
	OSName="macOS"
	Hostname="M-LafontaineS18.local"
	OSRelease="13.1"
	OSVersion="22C65"
	OSPlatform="x86_64"
	Is64Bits="1"
	VendorString="GenuineIntel"
	VendorID="Intel Corporation"
	FamilyID="6"
	ModelID="142"
	ProcessorCacheSize="32768"
	NumberOfLogicalCPU="4"
	NumberOfPhysicalCPU="2"
	TotalVirtualMemory="3072"
	TotalPhysicalMemory="8192"
	LogicalProcessorsPerPhysical="8"
	ProcessorClockFrequency="2300"
	>
	<Testing>
		<StartDateTime>Jan 21 16:56 EST</StartDateTime>
		<StartTestTime>1674338187</StartTestTime>
		<TestList/>
		<EndDateTime>Jan 21 16:56 EST</EndDateTime>
		<EndTestTime>1674338187</EndTestTime>
		<ElapsedMinutes>0</ElapsedMinutes>
	</Testing>
</Site>
